SF:lib/app/modules/core/clean_architecture/mapper.dart
DA:4,4
DA:8,5
DA:9,4
DA:10,3
DA:11,3
LF:5
LH:5
end_of_record
SF:lib/app/modules/marketplace/external/failures/server_failure.dart
DA:5,4
DA:7,2
DA:8,2
DA:9,4
DA:10,2
DA:11,2
DA:12,6
DA:15,2
DA:16,4
DA:17,4
DA:18,2
DA:19,4
LF:12
LH:12
end_of_record
SF:lib/app/modules/core/clean_architecture/failure.dart
DA:6,2
DA:8,0
DA:10,0
DA:13,1
DA:16,4
DA:19,0
DA:21,0
LF:7
LH:3
end_of_record
SF:lib/app/modules/marketplace/marketplace_module.dart
DA:25,0
DA:26,0
LF:2
LH:0
end_of_record
SF:lib/app/modules/marketplace/external/mappers/offer_mapper.dart
DA:6,3
DA:8,1
DA:10,1
DA:11,1
DA:12,1
DA:13,1
DA:14,1
DA:15,1
DA:16,1
DA:21,1
DA:23,1
DA:24,1
DA:25,3
DA:26,2
DA:27,2
DA:28,2
LF:16
LH:16
end_of_record
SF:lib/app/modules/marketplace/domain/entities/offer_entity.dart
DA:7,2
DA:15,0
DA:22,0
DA:23,0
DA:24,0
DA:25,0
DA:26,0
DA:27,0
DA:31,0
DA:33,0
DA:36,0
DA:39,0
DA:42,0
DA:44,0
LF:14
LH:1
end_of_record
SF:lib/app/modules/marketplace/domain/use_cases/buy_offer.dart
DA:5,0
DA:7,0
DA:8,0
LF:3
LH:0
end_of_record
SF:lib/app/modules/marketplace/domain/use_cases/get_balance.dart
DA:5,0
DA:7,0
DA:8,0
LF:3
LH:0
end_of_record
SF:lib/app/modules/marketplace/domain/use_cases/list_offers.dart
DA:5,0
DA:7,0
DA:8,0
LF:3
LH:0
end_of_record
SF:lib/app/modules/marketplace/external/datasources/marketplace_datasource.dart
DA:12,1
DA:15,1
DA:16,4
DA:17,3
DA:21,1
DA:22,3
DA:23,1
DA:24,5
DA:28,1
DA:29,3
DA:30,1
DA:31,5
DA:34,1
DA:35,1
DA:36,1
DA:40,1
DA:41,1
DA:42,1
LF:18
LH:18
end_of_record
SF:lib/app/modules/marketplace/external/failures/null_server_response_failure.dart
DA:4,2
LF:1
LH:1
end_of_record
SF:lib/app/modules/marketplace/infra/repositories/marketplace_repository.dart
DA:5,0
DA:7,0
DA:9,0
DA:12,0
DA:14,0
DA:17,0
DA:19,0
LF:7
LH:0
end_of_record
SF:lib/app/modules/marketplace/presenter/marketplace_page.dart
DA:8,0
DA:10,0
DA:11,0
DA:15,0
DA:17,0
DA:18,0
DA:19,0
DA:21,0
DA:22,0
DA:23,0
DA:24,0
DA:25,0
DA:26,0
DA:29,0
DA:30,0
DA:32,0
DA:36,0
DA:37,0
DA:38,0
DA:40,0
LF:20
LH:0
end_of_record
SF:lib/app/modules/marketplace/presenter/marketplace_store.dart
DA:4,0
DA:6,0
DA:7,0
DA:9,0
DA:11,0
DA:12,0
DA:13,0
DA:15,0
DA:18,0
LF:9
LH:0
end_of_record
