SF:lib/app/modules/core/clean_architecture/mapper.dart
DA:4,5
DA:8,5
DA:9,4
DA:10,3
DA:11,3
LF:5
LH:5
end_of_record
SF:lib/app/modules/marketplace/external/failures/server_failure.dart
DA:5,4
DA:7,2
DA:8,2
DA:9,4
DA:10,2
DA:11,2
DA:12,6
DA:15,2
DA:16,4
DA:17,4
DA:18,2
DA:19,4
LF:12
LH:12
end_of_record
SF:lib/app/modules/core/clean_architecture/failure.dart
DA:6,2
DA:8,0
DA:10,0
LF:3
LH:1
end_of_record
SF:lib/app/modules/core/clean_architecture/internal_failure.dart
DA:4,0
DA:5,0
LF:2
LH:0
end_of_record
SF:lib/app/modules/core/types/money_type.dart
DA:5,8
DA:7,0
DA:8,0
DA:9,0
DA:12,0
DA:13,0
DA:15,1
DA:18,4
DA:21,0
DA:22,0
LF:10
LH:3
end_of_record
SF:lib/app/modules/design_system/mixins/error_mixin.dart
DA:9,0
DA:10,0
DA:11,0
DA:14,0
DA:16,0
DA:17,0
DA:18,0
DA:19,0
DA:20,0
DA:21,0
LF:10
LH:0
end_of_record
SF:lib/app/modules/design_system/mixins/loading_mixin.dart
DA:12,0
DA:13,0
DA:14,0
DA:17,0
DA:19,0
DA:20,0
DA:21,0
DA:22,0
DA:24,0
DA:25,0
DA:26,0
DA:27,0
DA:32,0
DA:34,0
DA:35,0
LF:15
LH:0
end_of_record
SF:lib/app/modules/design_system/theme/color_palette.dart
DA:4,0
DA:6,0
DA:7,0
DA:19,0
DA:22,0
DA:25,0
DA:28,0
DA:31,0
LF:8
LH:0
end_of_record
SF:lib/app/modules/design_system/theme/font_palette.dart
DA:7,0
DA:9,0
DA:10,0
DA:24,0
DA:25,0
DA:27,0
DA:28,0
DA:30,0
DA:31,0
DA:33,0
DA:34,0
DA:36,0
DA:38,0
DA:40,0
DA:41,0
DA:43,0
DA:45,0
LF:17
LH:0
end_of_record
SF:lib/app/modules/design_system/widgets/loading_widget.dart
DA:4,3
DA:6,0
DA:8,0
DA:10,0
DA:11,0
DA:13,0
DA:14,0
DA:16,0
LF:8
LH:1
end_of_record
SF:lib/app/modules/marketplace/domain/entities/offer_entity.dart
DA:9,3
DA:17,0
DA:24,0
DA:25,0
DA:26,0
DA:27,0
DA:28,0
DA:29,0
DA:33,0
DA:35,0
DA:38,0
DA:41,0
DA:44,0
DA:46,0
LF:14
LH:1
end_of_record
SF:lib/app/modules/marketplace/domain/use_cases/buy_offer.dart
DA:5,0
DA:7,0
DA:8,0
LF:3
LH:0
end_of_record
SF:lib/app/modules/marketplace/domain/use_cases/get_balance.dart
DA:7,0
DA:9,0
DA:10,0
LF:3
LH:0
end_of_record
SF:lib/app/modules/marketplace/domain/use_cases/list_offers.dart
DA:5,0
DA:7,0
DA:8,0
LF:3
LH:0
end_of_record
SF:lib/app/modules/marketplace/external/datasources/marketplace_datasource.dart
DA:12,1
DA:15,1
DA:16,4
DA:17,3
DA:21,1
DA:22,3
DA:23,1
DA:24,6
DA:28,1
DA:29,3
DA:30,1
DA:31,5
DA:34,1
DA:35,1
DA:36,1
DA:40,1
DA:41,1
DA:42,1
LF:18
LH:18
end_of_record
SF:lib/app/modules/marketplace/external/failures/null_server_response_failure.dart
DA:4,2
LF:1
LH:1
end_of_record
SF:lib/app/modules/marketplace/external/mappers/offer_mapper.dart
DA:6,4
DA:8,1
DA:10,1
DA:11,1
DA:12,2
DA:13,1
DA:14,1
DA:15,1
DA:16,1
DA:21,1
DA:23,1
DA:24,1
DA:25,4
DA:26,2
DA:27,2
DA:28,2
LF:16
LH:16
end_of_record
SF:lib/app/modules/marketplace/infra/repositories/marketplace_repository.dart
DA:7,0
DA:9,0
DA:11,0
DA:14,0
DA:16,0
DA:19,0
DA:21,0
LF:7
LH:0
end_of_record
SF:lib/app/modules/marketplace/presenter/pages/marketplace_page.dart
DA:12,3
DA:14,0
DA:15,0
DA:22,0
DA:24,0
DA:25,0
DA:26,0
DA:28,0
DA:29,0
DA:33,0
DA:35,0
DA:36,0
DA:37,0
DA:38,0
DA:39,0
DA:40,0
DA:41,0
DA:42,0
DA:43,0
DA:48,0
DA:50,0
DA:51,0
DA:52,0
DA:54,0
DA:57,0
DA:60,0
DA:62,0
DA:68,0
DA:69,0
DA:70,0
DA:71,0
DA:72,0
DA:74,0
DA:76,0
DA:83,0
DA:84,0
DA:85,0
DA:86,0
DA:87,0
LF:39
LH:1
end_of_record
SF:lib/app/modules/marketplace/presenter/pages/offer_details_page.dart
DA:11,0
DA:13,0
DA:14,0
DA:20,0
DA:22,0
DA:23,0
DA:24,0
DA:25,0
DA:26,0
DA:27,0
DA:28,0
DA:30,0
DA:31,0
DA:33,0
DA:34,0
DA:37,0
DA:39,0
DA:40,0
DA:43,0
DA:45,0
DA:46,0
DA:48,0
DA:50,0
DA:51,0
DA:52,0
DA:53,0
DA:54,0
DA:56,0
DA:58,0
DA:59,0
LF:30
LH:0
end_of_record
SF:lib/app/modules/marketplace/presenter/stores/marketplace_store.dart
DA:16,0
DA:18,0
DA:20,0
DA:21,0
DA:22,0
DA:23,0
DA:26,0
DA:29,0
DA:33,0
DA:34,0
DA:35,0
DA:38,0
DA:39,0
DA:40,0
DA:43,0
DA:45,0
DA:46,0
DA:47,0
DA:48,0
DA:51,0
DA:54,0
LF:21
LH:0
end_of_record
SF:lib/app/modules/marketplace/presenter/widgets/offer_card_widget.dart
DA:8,0
DA:10,0
DA:12,0
DA:13,0
DA:16,0
DA:18,0
DA:19,0
DA:20,0
DA:22,0
DA:24,0
LF:10
LH:0
end_of_record
SF:lib/app/modules/marketplace/presenter/widgets/buy_button_widget.dart
DA:8,0
DA:10,0
DA:12,0
DA:13,0
DA:14,0
DA:16,0
DA:17,0
DA:18,0
DA:21,0
DA:22,0
DA:23,0
DA:24,0
DA:25,0
DA:26,0
DA:27,0
DA:30,0
DA:31,0
DA:34,0
LF:18
LH:0
end_of_record
SF:lib/app/modules/marketplace/presenter/stores/marketplace_state.dart
DA:9,0
DA:10,3
DA:14,0
DA:18,0
DA:19,0
DA:20,0
LF:6
LH:1
end_of_record
